<?xml version="1.0" encoding="UTF-8"?>
<testsuite xmlns:xsi="http://www.w3.org/2001/XMLSchema-instance" xsi:noNamespaceSchemaLocation="https://maven.apache.org/surefire/maven-surefire-plugin/xsd/surefire-test-report-3.0.xsd" version="3.0" name="mg.company.varotravam.VarotravamApplicationTests" time="6.437" tests="1" errors="0" skipped="0" failures="0">
  <properties>
[...]
</properties>
  <testcase name="contextLoads" classname="mg.company.varotravam.VarotravamApplicationTests" time="1.493">
    <system-out><![CDATA[21:07:50.551 [main] INFO org.springframework.test.context.support.AnnotationConfigContextLoaderUtils -- Could not detect default configuration classes for test class [mg.company.varotravam.VarotravamApplicationTests]: VarotravamApplicationTests does not declare any static, non-private, non-final, nested classes annotated with @Configuration.
21:07:50.812 [main] INFO org.springframework.boot.test.context.SpringBootTestContextBootstrapper -- Found @SpringBootConfiguration mg.company.varotravam.VarotravamApplication for test class mg.company.varotravam.VarotravamApplicationTests
21:07:51.276 [main] INFO org.springframework.boot.devtools.restart.RestartApplicationListener -- Restart disabled due to context in which it is running

  .   ____          _            __ _ _
 /\\ / ___'_ __ _ _(_)_ __  __ _ \ \ \ \
( ( )\___ | '_ | '_| | '_ \/ _` | \ \ \ \
 \\/  ___)| |_)| | | | | || (_| |  ) ) ) )
  '  |____| .__|_| |_|_| |_\__, | / / / /
 =========|_|==============|___/=/_/_/_/
 :: Spring Boot ::                (v3.2.1)

2024-01-26T21:07:51.763+03:00  INFO 29544 --- [           main] m.c.v.VarotravamApplicationTests         : Starting VarotravamApplicationTests using Java 17.0.2 with PID 29544 (started by tiavi in C:\Users\tiavi\Desktop\CLOUD_FINAL_PROJECT\varotravam-backend)
2024-01-26T21:07:51.766+03:00  INFO 29544 --- [           main] m.c.v.VarotravamApplicationTests         : No active profile set, falling back to 1 default profile: "default"
2024-01-26T21:07:54.930+03:00  INFO 29544 --- [           main] org.mongodb.driver.cluster               : Cluster created with settings {hosts=[localhost:27017], mode=SINGLE, requiredClusterType=UNKNOWN, serverSelectionTimeout='30000 ms', maxWaitQueueSize=500}
2024-01-26T21:07:55.101+03:00  INFO 29544 --- [           main] m.c.v.VarotravamApplicationTests         : Started VarotravamApplicationTests in 3.856 seconds (process running for 6.002)
2024-01-26T21:07:55.126+03:00  INFO 29544 --- [localhost:27017] org.mongodb.driver.connection            : Opened connection [connectionId{localValue:1, serverValue:591}] to localhost:27017
2024-01-26T21:07:55.136+03:00  INFO 29544 --- [localhost:27017] org.mongodb.driver.cluster               : Monitor thread successfully connected to server with description ServerDescription{address=localhost:27017, type=STANDALONE, state=CONNECTED, ok=true, version=ServerVersion{versionList=[4, 2, 25]}, minWireVersion=0, maxWireVersion=8, maxDocumentSize=16777216, logicalSessionTimeoutMinutes=30, roundTripTimeNanos=6927000}
]]></system-out>
  </testcase>
</testsuite>